2020-02-26 09:26:19 INFO  Main:38 - saved data reading
2020-02-26 09:26:19 INFO  Main:43 - application start
2020-02-26 09:26:19 INFO  Controller:75 - Main controller initializing
2020-02-26 09:29:30 INFO  Main:38 - saved data reading
2020-02-26 09:29:30 INFO  Main:43 - application start
2020-02-26 09:29:30 INFO  Controller:75 - Main controller initializing
2020-02-26 09:29:44 INFO  NewEditController:91 - new/edit window initializing
2020-02-26 09:32:37 INFO  Main:38 - saved data reading
2020-02-26 09:32:37 INFO  Main:43 - application start
2020-02-26 09:32:37 INFO  Controller:75 - Main controller initializing
2020-02-27 11:38:28 INFO  Main:38 - saved data reading
2020-02-27 11:38:28 INFO  Main:43 - application start
2020-02-27 11:38:28 INFO  Controller:75 - Main controller initializing
2020-02-27 11:44:32 INFO  Main:38 - saved data reading
2020-02-27 11:44:32 INFO  Main:43 - application start
2020-02-27 11:44:32 INFO  Controller:75 - Main controller initializing
2020-02-27 11:55:35 INFO  Main:38 - saved data reading
2020-02-27 11:55:35 INFO  Main:43 - application start
2020-02-27 11:55:35 INFO  Controller:75 - Main controller initializing
2020-02-27 23:15:43 INFO  Main:38 - saved data reading
2020-02-27 23:15:43 INFO  Main:43 - application start
2020-02-27 23:15:43 INFO  Controller:75 - Main controller initializing
2020-02-27 23:16:05 INFO  Main:38 - saved data reading
2020-02-27 23:16:05 INFO  Main:43 - application start
2020-02-27 23:16:05 INFO  Controller:75 - Main controller initializing
2020-02-27 23:16:08 INFO  NewEditController:91 - new/edit window initializing
2020-02-27 23:16:11 ERROR TaskIO:79 - IO exception reading or writing file
2020-02-27 23:16:14 ERROR TaskIO:79 - IO exception reading or writing file
2020-02-27 23:18:28 INFO  Main:38 - saved data reading
2020-02-27 23:18:28 INFO  Main:43 - application start
2020-02-27 23:18:28 INFO  Controller:75 - Main controller initializing
2020-02-27 23:18:34 INFO  NewEditController:91 - new/edit window initializing
2020-02-27 23:18:37 INFO  NewEditController:91 - new/edit window initializing
2020-02-27 23:18:39 ERROR TaskIO:79 - IO exception reading or writing file
2020-02-27 23:18:42 ERROR TaskIO:79 - IO exception reading or writing file
2020-02-27 23:19:27 INFO  Main:38 - saved data reading
2020-02-27 23:19:27 INFO  Main:43 - application start
2020-02-27 23:19:28 INFO  Controller:75 - Main controller initializing
2020-02-27 23:19:30 INFO  NewEditController:91 - new/edit window initializing
2020-02-27 23:19:35 ERROR TaskIO:79 - IO exception reading or writing file
2020-02-27 23:19:36 ERROR TaskIO:79 - IO exception reading or writing file
