2020-02-26 09:26:19 INFO  Main:38 - saved data reading
2020-02-26 09:26:19 INFO  Main:43 - application start
2020-02-26 09:26:19 INFO  Controller:75 - Main controller initializing
2020-02-26 09:29:30 INFO  Main:38 - saved data reading
2020-02-26 09:29:30 INFO  Main:43 - application start
2020-02-26 09:29:30 INFO  Controller:75 - Main controller initializing
2020-02-26 09:29:44 INFO  NewEditController:91 - new/edit window initializing
2020-02-26 09:32:37 INFO  Main:38 - saved data reading
2020-02-26 09:32:37 INFO  Main:43 - application start
2020-02-26 09:32:37 INFO  Controller:75 - Main controller initializing
<<<<<<< HEAD
2020-02-27 11:38:28 INFO  Main:38 - saved data reading
2020-02-27 11:38:28 INFO  Main:43 - application start
2020-02-27 11:38:28 INFO  Controller:75 - Main controller initializing
2020-02-27 11:44:32 INFO  Main:38 - saved data reading
2020-02-27 11:44:32 INFO  Main:43 - application start
2020-02-27 11:44:32 INFO  Controller:75 - Main controller initializing
2020-02-27 11:55:35 INFO  Main:38 - saved data reading
2020-02-27 11:55:35 INFO  Main:43 - application start
2020-02-27 11:55:35 INFO  Controller:75 - Main controller initializing
2020-02-27 23:15:43 INFO  Main:38 - saved data reading
2020-02-27 23:15:43 INFO  Main:43 - application start
2020-02-27 23:15:43 INFO  Controller:75 - Main controller initializing
2020-02-27 23:16:05 INFO  Main:38 - saved data reading
2020-02-27 23:16:05 INFO  Main:43 - application start
2020-02-27 23:16:05 INFO  Controller:75 - Main controller initializing
2020-02-27 23:16:08 INFO  NewEditController:91 - new/edit window initializing
2020-02-27 23:16:11 ERROR TaskIO:79 - IO exception reading or writing file
2020-02-27 23:16:14 ERROR TaskIO:79 - IO exception reading or writing file
2020-02-27 23:18:28 INFO  Main:38 - saved data reading
2020-02-27 23:18:28 INFO  Main:43 - application start
2020-02-27 23:18:28 INFO  Controller:75 - Main controller initializing
2020-02-27 23:18:34 INFO  NewEditController:91 - new/edit window initializing
2020-02-27 23:18:37 INFO  NewEditController:91 - new/edit window initializing
2020-02-27 23:18:39 ERROR TaskIO:79 - IO exception reading or writing file
2020-02-27 23:18:42 ERROR TaskIO:79 - IO exception reading or writing file
2020-02-27 23:19:27 INFO  Main:38 - saved data reading
2020-02-27 23:19:27 INFO  Main:43 - application start
2020-02-27 23:19:28 INFO  Controller:75 - Main controller initializing
2020-02-27 23:19:30 INFO  NewEditController:91 - new/edit window initializing
2020-02-27 23:19:35 ERROR TaskIO:79 - IO exception reading or writing file
2020-02-27 23:19:36 ERROR TaskIO:79 - IO exception reading or writing file
=======
2020-02-26 09:47:17 INFO  Main:38 - saved data reading
2020-02-26 09:47:17 INFO  Main:43 - application start
2020-02-26 09:47:18 INFO  Controller:75 - Main controller initializing
2020-02-26 09:47:46 INFO  NewEditController:91 - new/edit window initializing
2020-02-26 09:52:17 INFO  NewEditController:91 - new/edit window initializing
2020-02-26 10:04:20 INFO  Main:38 - saved data reading
2020-02-26 10:04:20 INFO  Main:43 - application start
2020-02-26 10:04:21 INFO  Controller:75 - Main controller initializing
2020-02-27 09:16:51 INFO  Main:38 - saved data reading
2020-02-27 09:16:51 INFO  Main:43 - application start
2020-02-27 09:16:52 INFO  Controller:75 - Main controller initializing
2020-02-27 09:19:15 INFO  NewEditController:91 - new/edit window initializing
2020-02-27 09:22:09 INFO  TaskInfoController:26 - task info window initializing
2020-02-27 09:22:09 ERROR Controller:128 - error loading task-info.fxml
2020-02-27 09:24:07 INFO  NewEditController:91 - new/edit window initializing
2020-02-27 09:24:10 INFO  NewEditController:91 - new/edit window initializing
2020-02-27 09:24:12 INFO  NewEditController:91 - new/edit window initializing
2020-02-27 09:24:24 INFO  NewEditController:91 - new/edit window initializing
2020-02-27 09:25:15 INFO  TaskInfoController:26 - task info window initializing
2020-02-27 09:25:28 INFO  TaskInfoController:26 - task info window initializing
2020-02-27 09:27:56 INFO  NewEditController:91 - new/edit window initializing
2020-02-27 09:30:25 INFO  NewEditController:91 - new/edit window initializing
2020-02-27 09:30:36 INFO  NewEditController:91 - new/edit window initializing
2020-02-27 09:30:53 INFO  NewEditController:91 - new/edit window initializing
2020-02-27 09:31:27 INFO  NewEditController:91 - new/edit window initializing
2020-02-27 09:38:11 INFO  Main:38 - saved data reading
2020-02-27 09:38:11 INFO  Main:43 - application start
2020-02-27 09:38:12 INFO  Controller:75 - Main controller initializing
2020-02-27 09:39:26 INFO  TaskInfoController:26 - task info window initializing
2020-02-27 09:39:53 INFO  TaskInfoController:26 - task info window initializing
2020-02-27 09:40:15 INFO  Main:38 - saved data reading
2020-02-27 09:40:15 INFO  Main:43 - application start
2020-02-27 09:40:16 INFO  Controller:75 - Main controller initializing
2020-02-27 09:40:35 INFO  TaskInfoController:26 - task info window initializing
2020-02-27 09:40:35 ERROR Controller:128 - error loading task-info.fxml
2020-02-27 09:40:38 INFO  NewEditController:91 - new/edit window initializing
2020-02-27 09:44:43 INFO  NewEditController:91 - new/edit window initializing
2020-02-27 09:48:55 INFO  NewEditController:91 - new/edit window initializing
2020-02-27 09:50:42 INFO  Main:38 - saved data reading
2020-02-27 09:50:42 INFO  Main:43 - application start
2020-02-27 09:50:42 INFO  Controller:75 - Main controller initializing
2020-02-27 09:50:46 INFO  NewEditController:91 - new/edit window initializing
2020-02-27 09:56:08 INFO  Main:38 - saved data reading
2020-02-27 09:56:08 INFO  Main:43 - application start
2020-02-27 09:56:08 INFO  Controller:75 - Main controller initializing
2020-02-27 11:40:04 INFO  Main:38 - saved data reading
2020-02-27 11:40:04 INFO  Main:43 - application start
2020-02-27 11:40:05 INFO  Controller:75 - Main controller initializing
2020-02-27 11:40:08 INFO  NewEditController:91 - new/edit window initializing
2020-02-27 11:52:55 INFO  Main:38 - saved data reading
2020-02-27 11:52:56 INFO  Main:43 - application start
2020-02-27 11:52:56 INFO  Controller:75 - Main controller initializing
2020-02-27 18:56:50 INFO  Main:38 - saved data reading
2020-02-27 18:56:50 INFO  Main:43 - application start
2020-02-27 18:56:51 INFO  Controller:75 - Main controller initializing
2020-02-27 19:01:42 INFO  Main:38 - saved data reading
2020-02-27 19:01:42 INFO  Main:43 - application start
2020-02-27 19:01:43 INFO  Controller:75 - Main controller initializing
2020-02-27 19:20:58 INFO  Main:38 - saved data reading
2020-02-27 19:20:58 INFO  Main:43 - application start
2020-02-27 19:20:58 INFO  Controller:75 - Main controller initializing
2020-02-27 19:29:58 INFO  Main:38 - saved data reading
2020-02-27 19:29:58 INFO  Main:43 - application start
2020-02-27 19:29:58 INFO  Controller:75 - Main controller initializing
2020-02-27 19:47:21 INFO  Main:38 - saved data reading
2020-02-27 19:47:21 INFO  Main:43 - application start
2020-02-27 19:47:22 INFO  Controller:75 - Main controller initializing
2020-02-27 19:57:32 INFO  Main:38 - saved data reading
2020-02-27 19:57:32 INFO  Main:43 - application start
2020-02-27 19:57:33 INFO  Controller:75 - Main controller initializing
2020-02-27 20:00:27 INFO  Main:38 - saved data reading
2020-02-27 20:00:27 INFO  Main:43 - application start
2020-02-27 20:00:28 INFO  Controller:75 - Main controller initializing
>>>>>>> 46709f033578ba1a4ab3a6a5eb5df6e2731118c2
2020-02-28 08:10:29 INFO  Main:38 - saved data reading
2020-02-28 08:10:29 INFO  Main:43 - application start
2020-02-28 08:10:30 INFO  Controller:75 - Main controller initializing
2020-03-06 15:16:29 INFO  Main:38 - saved data reading
2020-03-06 15:16:29 INFO  Main:43 - application start
2020-03-06 15:16:30 INFO  Controller:75 - Main controller initializing
2020-03-06 15:26:37 INFO  Main:38 - saved data reading
2020-03-06 15:26:37 INFO  Main:43 - application start
2020-03-06 15:26:38 INFO  Controller:75 - Main controller initializing
2020-03-22 14:22:35 INFO  Main:38 - saved data reading
2020-03-22 14:22:35 INFO  Main:43 - application start
2020-03-22 14:22:36 INFO  Controller:75 - Main controller initializing
2020-03-22 16:09:13 INFO  Main:33 - saved data reading
2020-03-22 16:09:13 INFO  Main:38 - application start
2020-03-22 16:09:13 ERROR Main:52 - error reading main.fxml: 
/D:/Validarea-si-Verificarea-Sistemelor-Software/Tasks/target/classes/fxml/main.fxml:9

2020-03-22 16:10:24 INFO  Main:33 - saved data reading
2020-03-22 16:10:24 INFO  Main:38 - application start
2020-03-22 16:10:24 ERROR Main:52 - error reading main.fxml: 
/D:/Validarea-si-Verificarea-Sistemelor-Software/Tasks/target/classes/fxml/main.fxml:9

2020-03-22 16:11:16 INFO  Main:33 - saved data reading
2020-03-22 16:11:16 INFO  Main:38 - application start
2020-03-22 16:11:16 INFO  Controller:67 - Main controller initializing
2020-03-24 18:17:15 INFO  Main:33 - saved data reading
2020-03-24 18:17:15 INFO  Main:38 - application start
2020-03-24 18:17:16 INFO  Controller:67 - Main controller initializing
2020-03-24 18:17:59 INFO  TasksOperations:18 - Wed Mar 04 12:22:00 EET 2020
2020-03-24 18:17:59 INFO  TasksOperations:19 - Fri Apr 10 12:00:00 EEST 2020
2020-03-24 18:18:11 ERROR Controller:96 - Error loading new-edit-task.fxml
2020-03-24 18:18:15 ERROR Controller:96 - Error loading new-edit-task.fxml
2020-03-24 18:19:07 INFO  Main:33 - saved data reading
2020-03-24 18:19:07 INFO  Main:38 - application start
2020-03-24 18:19:08 INFO  Controller:67 - Main controller initializing
2020-03-24 18:19:18 INFO  NewEditController:91 - new/edit window initializing
2020-03-24 18:25:33 INFO  Main:33 - saved data reading
2020-03-24 18:25:33 INFO  Main:38 - application start
2020-03-24 18:25:34 INFO  Controller:67 - Main controller initializing
2020-03-24 18:26:09 INFO  NewEditController:91 - new/edit window initializing
2020-03-24 18:27:31 INFO  Main:33 - saved data reading
2020-03-24 18:27:31 INFO  Main:38 - application start
2020-03-24 18:27:32 INFO  Controller:67 - Main controller initializing
2020-03-24 18:27:43 INFO  NewEditController:91 - new/edit window initializing
2020-03-24 18:29:09 INFO  Main:33 - saved data reading
2020-03-24 18:29:09 INFO  Main:38 - application start
2020-03-24 18:29:10 INFO  Controller:67 - Main controller initializing
2020-03-24 18:29:27 INFO  NewEditController:91 - new/edit window initializing
2020-03-24 18:29:51 INFO  NewEditController:91 - new/edit window initializing
2020-03-24 18:30:11 INFO  NewEditController:91 - new/edit window initializing
2020-03-24 18:30:12 INFO  NewEditController:91 - new/edit window initializing
2020-03-24 18:30:29 INFO  Main:33 - saved data reading
2020-03-24 18:30:29 INFO  Main:38 - application start
2020-03-24 18:30:30 INFO  Controller:67 - Main controller initializing
2020-03-24 18:30:35 INFO  NewEditController:91 - new/edit window initializing
2020-03-24 18:30:38 INFO  NewEditController:91 - new/edit window initializing
2020-03-24 18:31:13 INFO  Main:33 - saved data reading
2020-03-24 18:31:13 INFO  Main:38 - application start
2020-03-24 18:31:14 INFO  Controller:67 - Main controller initializing
2020-03-24 18:31:17 INFO  NewEditController:91 - new/edit window initializing
2020-03-24 18:31:19 INFO  NewEditController:91 - new/edit window initializing
2020-03-24 18:31:19 ERROR Controller:96 - Error loading new-edit-task.fxml
2020-03-24 18:31:21 INFO  NewEditController:91 - new/edit window initializing
2020-03-24 18:31:21 ERROR Controller:96 - Error loading new-edit-task.fxml
2020-03-24 18:31:33 INFO  NewEditController:91 - new/edit window initializing
2020-03-24 18:31:33 ERROR Controller:96 - Error loading new-edit-task.fxml
2020-03-24 18:31:36 INFO  TaskInfoController:25 - task info window initializing
2020-03-24 18:31:39 INFO  TaskInfoController:25 - task info window initializing
2020-03-24 18:32:18 INFO  Main:33 - saved data reading
2020-03-24 18:32:18 INFO  Main:38 - application start
2020-03-24 18:32:18 INFO  Controller:67 - Main controller initializing
2020-03-24 18:32:22 INFO  NewEditController:91 - new/edit window initializing
2020-03-24 18:32:24 INFO  NewEditController:91 - new/edit window initializing
2020-04-01 19:25:09 INFO  Main:33 - saved data reading
2020-04-01 19:25:09 INFO  Main:38 - application start
2020-04-01 19:25:10 INFO  Controller:67 - Main controller initializing
2020-04-02 10:17:44 INFO  Main:33 - saved data reading
2020-04-02 10:17:44 INFO  Main:38 - application start
2020-04-02 10:17:45 INFO  Controller:67 - Main controller initializing
2020-04-02 10:18:06 INFO  TasksOperations:18 - Wed Mar 25 12:00:00 EET 2020
2020-04-02 10:18:06 INFO  TasksOperations:19 - Wed Apr 29 15:00:00 EEST 2020
2020-04-03 22:24:22 INFO  TasksOperations:18 - Wed Mar 11 22:24:22 EET 2020
2020-04-03 22:24:22 INFO  TasksOperations:19 - Wed Mar 18 22:24:22 EET 2020
2020-04-03 22:25:55 INFO  TasksOperations:18 - Thu Mar 11 00:00:00 EET 3920
2020-04-03 22:25:56 INFO  TasksOperations:19 - Thu Mar 18 00:00:00 EET 3920
2020-04-03 22:40:32 INFO  TasksOperations:18 - Thu Mar 11 00:00:00 EET 3920
2020-04-03 22:40:32 INFO  TasksOperations:19 - Thu Mar 18 00:00:00 EET 3920
2020-04-03 22:40:32 INFO  TasksOperations:18 - Thu Mar 11 00:00:00 EET 3920
2020-04-03 22:40:32 INFO  TasksOperations:19 - Thu Mar 11 00:00:00 EET 3920
2020-04-03 22:45:19 INFO  TasksOperations:18 - Thu Mar 11 00:00:00 EET 3920
2020-04-03 22:45:19 INFO  TasksOperations:19 - Thu Mar 18 00:00:00 EET 3920
2020-04-03 22:45:19 INFO  TasksOperations:18 - Thu Mar 11 00:00:00 EET 3920
2020-04-03 22:45:19 INFO  TasksOperations:19 - Thu Mar 11 00:00:00 EET 3920
2020-04-03 22:45:19 INFO  TasksOperations:18 - Thu Mar 18 00:00:00 EET 3920
2020-04-03 22:45:19 INFO  TasksOperations:19 - Thu Mar 11 00:00:00 EET 3920
2020-04-03 23:28:44 ERROR Task:41 - interval < than 1
2020-04-03 23:32:56 INFO  TasksOperations:18 - Thu Mar 11 00:00:00 EET 3920
2020-04-03 23:32:56 INFO  TasksOperations:19 - Thu Mar 18 00:00:00 EET 3920
2020-04-03 23:33:13 INFO  TasksOperations:18 - Thu Mar 18 00:00:00 EET 3920
2020-04-03 23:33:13 INFO  TasksOperations:19 - Thu Mar 11 00:00:00 EET 3920
2020-04-03 23:33:23 INFO  TasksOperations:18 - Thu Mar 11 00:00:00 EET 3920
2020-04-03 23:33:23 INFO  TasksOperations:19 - Thu Mar 11 00:00:00 EET 3920
2020-04-03 23:44:03 INFO  TasksOperations:18 - Wed Mar 10 00:00:00 EET 3920
2020-04-03 23:44:03 INFO  TasksOperations:19 - Fri Mar 12 00:00:00 EET 3920
2020-04-03 23:46:32 INFO  TasksOperations:18 - Wed Mar 10 00:00:00 EET 3920
2020-04-03 23:46:32 INFO  TasksOperations:19 - Fri Mar 19 00:00:00 EET 3920
2020-04-03 23:46:32 INFO  TasksOperations:32 - title3
2020-04-03 23:49:06 INFO  TasksOperations:18 - Sat Mar 13 00:00:00 EET 3920
2020-04-03 23:49:06 INFO  TasksOperations:19 - Fri Mar 19 00:00:00 EET 3920
2020-04-03 23:57:11 INFO  TasksOperations:18 - Thu Mar 11 00:00:00 EET 3920
2020-04-03 23:57:11 INFO  TasksOperations:19 - Fri Mar 12 00:00:00 EET 3920
2020-04-03 23:57:11 INFO  TasksOperations:18 - Thu Mar 11 00:00:00 EET 3920
2020-04-03 23:57:11 INFO  TasksOperations:19 - Thu Mar 11 00:00:00 EET 3920
2020-04-03 23:57:12 INFO  TasksOperations:18 - Wed Mar 10 00:00:00 EET 3920
2020-04-03 23:57:12 INFO  TasksOperations:19 - Fri Mar 12 00:00:00 EET 3920
2020-04-03 23:57:12 INFO  TasksOperations:18 - Sat Mar 13 00:00:00 EET 3920
2020-04-03 23:57:12 INFO  TasksOperations:19 - Fri Mar 19 00:00:00 EET 3920
2020-04-03 23:57:12 INFO  TasksOperations:18 - Fri Mar 12 00:00:00 EET 3920
2020-04-03 23:57:12 INFO  TasksOperations:19 - Thu Mar 11 00:00:00 EET 3920
2020-04-04 00:14:54 INFO  TasksOperations:18 - Sat Mar 13 00:00:00 EET 3920
2020-04-04 00:14:54 INFO  TasksOperations:19 - Fri Mar 19 00:00:00 EET 3920
2020-04-04 00:15:22 INFO  TasksOperations:18 - Sat Mar 13 00:00:00 EET 3920
2020-04-04 00:15:22 INFO  TasksOperations:19 - Fri Mar 19 00:00:00 EET 3920
2020-04-04 00:16:59 INFO  TasksOperations:18 - Sat Mar 13 00:00:00 EET 3920
2020-04-04 00:16:59 INFO  TasksOperations:19 - Fri Mar 19 00:00:00 EET 3920
2020-04-04 00:22:48 INFO  TasksOperations:18 - Sun Mar 21 00:00:00 EET 3920
2020-04-04 00:22:48 INFO  TasksOperations:19 - Mon Mar 22 00:00:00 EET 3920
2020-04-04 00:22:48 INFO  TasksOperations:32 - title3
2020-04-04 00:24:56 INFO  TasksOperations:18 - Sun Mar 21 00:00:00 EET 3920
2020-04-04 00:24:56 INFO  TasksOperations:19 - Mon Mar 22 00:00:00 EET 3920
2020-04-04 00:24:56 INFO  TasksOperations:32 - title3
2020-04-04 00:27:16 INFO  TasksOperations:18 - Fri Mar 19 00:00:00 EET 3920
2020-04-04 00:27:16 INFO  TasksOperations:19 - Sat Mar 20 00:00:00 EET 3920
2020-04-04 00:27:25 INFO  TasksOperations:18 - Thu Mar 11 00:00:00 EET 3920
2020-04-04 00:27:25 INFO  TasksOperations:19 - Fri Mar 12 00:00:00 EET 3920
2020-04-04 00:27:25 INFO  TasksOperations:18 - Thu Mar 11 00:00:00 EET 3920
2020-04-04 00:27:25 INFO  TasksOperations:19 - Thu Mar 11 00:00:00 EET 3920
2020-04-04 00:27:25 INFO  TasksOperations:18 - Wed Mar 10 00:00:00 EET 3920
2020-04-04 00:27:25 INFO  TasksOperations:19 - Fri Mar 12 00:00:00 EET 3920
2020-04-04 00:27:25 INFO  TasksOperations:18 - Fri Mar 19 00:00:00 EET 3920
2020-04-04 00:27:25 INFO  TasksOperations:19 - Sat Mar 20 00:00:00 EET 3920
2020-04-04 00:27:25 INFO  TasksOperations:18 - Sat Mar 13 00:00:00 EET 3920
2020-04-04 00:27:25 INFO  TasksOperations:19 - Fri Mar 19 00:00:00 EET 3920
2020-04-04 00:27:25 INFO  TasksOperations:18 - Fri Mar 12 00:00:00 EET 3920
2020-04-04 00:27:25 INFO  TasksOperations:19 - Thu Mar 11 00:00:00 EET 3920
2020-04-04 00:28:47 INFO  TasksOperations:18 - Fri Mar 19 00:00:00 EET 3920
2020-04-04 00:28:47 INFO  TasksOperations:19 - Mon Mar 22 00:00:00 EET 3920
2020-04-04 00:28:47 INFO  TasksOperations:32 - title3
2020-04-04 00:31:24 INFO  TasksOperations:18 - Fri Mar 19 00:00:00 EET 3920
2020-04-04 00:31:24 INFO  TasksOperations:19 - Mon Mar 22 00:00:00 EET 3920
2020-04-04 00:31:24 INFO  TasksOperations:32 - title3
2020-04-04 00:31:58 INFO  TasksOperations:18 - Fri Mar 19 00:00:00 EET 3920
2020-04-04 00:31:58 INFO  TasksOperations:19 - Sun Mar 21 00:00:00 EET 3920
2020-04-04 00:31:58 INFO  TasksOperations:32 - title3
2020-04-04 00:32:17 INFO  TasksOperations:18 - Fri Mar 19 00:00:00 EET 3920
2020-04-04 00:32:17 INFO  TasksOperations:19 - Sun Mar 21 00:00:00 EET 3920
2020-04-04 00:32:17 INFO  TasksOperations:32 - title3
2020-04-04 00:35:04 INFO  TasksOperations:18 - Sat Mar 27 00:00:00 EET 3920
2020-04-04 00:35:04 INFO  TasksOperations:19 - Sun Mar 28 00:00:00 EET 3920
2020-04-04 00:35:04 INFO  TasksOperations:32 - title4
2020-04-04 00:35:48 INFO  TasksOperations:18 - Sat Mar 27 00:00:00 EET 3920
2020-04-04 00:35:48 INFO  TasksOperations:19 - Mon Mar 29 00:00:00 EEST 3920
2020-04-04 00:35:48 INFO  TasksOperations:32 - title4
2020-04-04 00:36:53 INFO  TasksOperations:18 - Fri Mar 26 00:00:00 EET 3920
2020-04-04 00:36:53 INFO  TasksOperations:19 - Sat Mar 27 00:00:00 EET 3920
2020-04-04 00:39:32 INFO  TasksOperations:18 - Fri Mar 26 00:00:00 EET 3920
2020-04-04 00:39:32 INFO  TasksOperations:19 - Sun Mar 28 00:00:00 EET 3920
2020-04-04 00:39:32 INFO  TasksOperations:32 - title4
2020-04-04 00:40:29 INFO  TasksOperations:18 - Fri Mar 26 00:00:00 EET 3920
2020-04-04 00:40:29 INFO  TasksOperations:19 - Sun Mar 28 00:00:00 EET 3920
2020-04-04 00:40:29 INFO  TasksOperations:32 - title4
2020-04-04 00:40:38 INFO  TasksOperations:18 - Fri Mar 26 00:00:00 EET 3920
2020-04-04 00:40:38 INFO  TasksOperations:19 - Sun Mar 28 00:00:00 EET 3920
2020-04-04 00:40:38 INFO  TasksOperations:32 - title4
2020-04-04 00:40:38 INFO  TasksOperations:18 - Sat Mar 27 00:00:00 EET 3920
2020-04-04 00:40:38 INFO  TasksOperations:19 - Sun Mar 28 00:00:00 EET 3920
2020-04-04 00:40:38 INFO  TasksOperations:32 - title4
2020-04-04 00:40:38 INFO  TasksOperations:18 - Thu Mar 11 00:00:00 EET 3920
2020-04-04 00:40:38 INFO  TasksOperations:19 - Fri Mar 12 00:00:00 EET 3920
2020-04-04 00:40:38 INFO  TasksOperations:18 - Fri Mar 19 00:00:00 EET 3920
2020-04-04 00:40:38 INFO  TasksOperations:19 - Sun Mar 21 00:00:00 EET 3920
2020-04-04 00:40:38 INFO  TasksOperations:32 - title3
2020-04-04 00:40:38 INFO  TasksOperations:18 - Sat Mar 27 00:00:00 EET 3920
2020-04-04 00:40:38 INFO  TasksOperations:19 - Mon Mar 29 00:00:00 EEST 3920
2020-04-04 00:40:38 INFO  TasksOperations:32 - title4
2020-04-04 00:40:38 INFO  TasksOperations:18 - Fri Mar 26 00:00:00 EET 3920
2020-04-04 00:40:38 INFO  TasksOperations:19 - Sat Mar 27 00:00:00 EET 3920
2020-04-04 00:40:38 INFO  TasksOperations:18 - Thu Mar 11 00:00:00 EET 3920
2020-04-04 00:40:38 INFO  TasksOperations:19 - Thu Mar 11 00:00:00 EET 3920
2020-04-04 00:40:38 INFO  TasksOperations:18 - Wed Mar 10 00:00:00 EET 3920
2020-04-04 00:40:38 INFO  TasksOperations:19 - Fri Mar 12 00:00:00 EET 3920
2020-04-04 00:40:38 INFO  TasksOperations:18 - Fri Mar 19 00:00:00 EET 3920
2020-04-04 00:40:38 INFO  TasksOperations:19 - Mon Mar 22 00:00:00 EET 3920
2020-04-04 00:40:38 INFO  TasksOperations:32 - title3
2020-04-04 00:40:38 INFO  TasksOperations:18 - Fri Mar 19 00:00:00 EET 3920
2020-04-04 00:40:38 INFO  TasksOperations:19 - Sat Mar 20 00:00:00 EET 3920
2020-04-04 00:40:38 INFO  TasksOperations:18 - Sat Mar 13 00:00:00 EET 3920
2020-04-04 00:40:38 INFO  TasksOperations:19 - Fri Mar 19 00:00:00 EET 3920
2020-04-04 00:40:38 INFO  TasksOperations:18 - Fri Mar 12 00:00:00 EET 3920
2020-04-04 00:40:38 INFO  TasksOperations:19 - Thu Mar 11 00:00:00 EET 3920
2020-04-04 00:41:18 INFO  TasksOperations:18 - Fri Mar 26 00:00:00 EET 3920
2020-04-04 00:41:18 INFO  TasksOperations:19 - Sun Mar 28 00:00:00 EET 3920
2020-04-04 00:41:18 INFO  TasksOperations:32 - title4
2020-04-04 00:41:18 INFO  TasksOperations:18 - Sat Mar 27 00:00:00 EET 3920
2020-04-04 00:41:18 INFO  TasksOperations:19 - Sun Mar 28 00:00:00 EET 3920
2020-04-04 00:41:18 INFO  TasksOperations:32 - title4
2020-04-04 00:41:18 INFO  TasksOperations:18 - Thu Mar 11 00:00:00 EET 3920
2020-04-04 00:41:18 INFO  TasksOperations:19 - Fri Mar 12 00:00:00 EET 3920
2020-04-04 00:41:18 INFO  TasksOperations:18 - Fri Mar 19 00:00:00 EET 3920
2020-04-04 00:41:18 INFO  TasksOperations:19 - Sun Mar 21 00:00:00 EET 3920
2020-04-04 00:41:18 INFO  TasksOperations:32 - title3
2020-04-04 00:41:18 INFO  TasksOperations:18 - Sat Mar 27 00:00:00 EET 3920
2020-04-04 00:41:18 INFO  TasksOperations:19 - Mon Mar 29 00:00:00 EEST 3920
2020-04-04 00:41:18 INFO  TasksOperations:32 - title4
2020-04-04 00:41:18 INFO  TasksOperations:18 - Fri Mar 26 00:00:00 EET 3920
2020-04-04 00:41:18 INFO  TasksOperations:19 - Sat Mar 27 00:00:00 EET 3920
2020-04-04 00:41:18 INFO  TasksOperations:18 - Thu Mar 11 00:00:00 EET 3920
2020-04-04 00:41:18 INFO  TasksOperations:19 - Thu Mar 11 00:00:00 EET 3920
2020-04-04 00:41:18 INFO  TasksOperations:18 - Wed Mar 10 00:00:00 EET 3920
2020-04-04 00:41:18 INFO  TasksOperations:19 - Fri Mar 12 00:00:00 EET 3920
2020-04-04 00:41:18 INFO  TasksOperations:18 - Fri Mar 19 00:00:00 EET 3920
2020-04-04 00:41:18 INFO  TasksOperations:19 - Mon Mar 22 00:00:00 EET 3920
2020-04-04 00:41:18 INFO  TasksOperations:32 - title3
2020-04-04 00:41:18 INFO  TasksOperations:18 - Fri Mar 19 00:00:00 EET 3920
2020-04-04 00:41:18 INFO  TasksOperations:19 - Sat Mar 20 00:00:00 EET 3920
2020-04-04 00:41:18 INFO  TasksOperations:18 - Sat Mar 13 00:00:00 EET 3920
2020-04-04 00:41:18 INFO  TasksOperations:19 - Fri Mar 19 00:00:00 EET 3920
2020-04-04 00:41:18 INFO  TasksOperations:18 - Fri Mar 12 00:00:00 EET 3920
2020-04-04 00:41:18 INFO  TasksOperations:19 - Thu Mar 11 00:00:00 EET 3920
2020-04-24 15:53:10 INFO  TasksOperations:18 - Sat May 01 00:00:00 EEST 3920
2020-04-24 15:53:10 INFO  TasksOperations:19 - Mon May 03 00:00:00 EEST 3920
2020-04-24 15:55:44 INFO  TasksOperations:18 - Thu Apr 01 00:00:00 EEST 3920
2020-04-24 15:55:44 INFO  TasksOperations:19 - Sun Apr 11 00:00:00 EEST 3920
2020-04-24 15:56:40 INFO  TasksOperations:18 - Thu Apr 01 00:00:00 EEST 3920
2020-04-24 15:56:40 INFO  TasksOperations:19 - Mon Apr 12 00:00:00 EEST 3920
2020-04-24 15:56:59 INFO  TasksOperations:18 - Thu Apr 01 00:00:00 EEST 3920
2020-04-24 15:56:59 INFO  TasksOperations:19 - Tue Apr 13 00:00:00 EEST 3920
2020-04-24 15:57:32 INFO  TasksOperations:18 - Thu Apr 01 00:00:00 EEST 3920
2020-04-24 15:57:32 INFO  TasksOperations:19 - Tue Apr 13 00:00:00 EEST 3920
2020-04-24 15:58:49 INFO  TasksOperations:18 - Thu Apr 01 00:00:00 EEST 3920
2020-04-24 15:58:49 INFO  TasksOperations:19 - Tue Apr 13 00:00:00 EEST 3920
2020-04-24 16:01:42 INFO  TasksOperations:18 - Thu Apr 01 00:00:00 EEST 3920
2020-04-24 16:01:42 INFO  TasksOperations:19 - Tue Apr 13 00:00:00 EEST 3920
2020-04-24 16:01:42 INFO  TasksOperations:32 - task1
2020-04-24 16:04:39 INFO  TasksOperations:18 - Thu Apr 01 00:00:00 EEST 3920
2020-04-24 16:04:39 INFO  TasksOperations:19 - Tue Apr 13 00:00:00 EEST 3920
2020-04-24 16:56:15 ERROR ArrayTaskList:99 - not existing index
2020-04-24 16:58:53 ERROR ArrayTaskList:99 - not existing index
2020-04-24 17:09:20 ERROR ArrayTaskList:99 - not existing index
2020-04-24 17:31:45 INFO  TasksOperations:18 - Sat May 01 00:00:00 EEST 3920
2020-04-24 17:31:45 INFO  TasksOperations:19 - Mon May 03 00:00:00 EEST 3920
2020-04-24 17:32:52 INFO  TasksOperations:18 - Thu Apr 01 00:00:00 EEST 3920
2020-04-24 17:32:52 INFO  TasksOperations:19 - Tue Apr 13 00:00:00 EEST 3920
2020-04-24 17:32:52 INFO  TasksOperations:32 - task1
2020-04-24 17:33:42 INFO  TasksOperations:18 - Thu Apr 01 00:00:00 EEST 3920
2020-04-24 17:33:42 INFO  TasksOperations:19 - Tue Apr 13 00:00:00 EEST 3920
2020-04-24 17:33:54 INFO  TasksOperations:18 - Thu Apr 01 00:00:00 EEST 3920
2020-04-24 17:33:54 INFO  TasksOperations:19 - Tue Apr 13 00:00:00 EEST 3920
2020-04-24 17:33:54 INFO  TasksOperations:32 - task1
2020-04-24 17:33:54 INFO  TasksOperations:18 - Thu Apr 01 00:00:00 EEST 3920
2020-04-24 17:33:54 INFO  TasksOperations:19 - Tue Apr 13 00:00:00 EEST 3920
2020-04-24 17:33:54 INFO  TasksOperations:18 - Sat May 01 00:00:00 EEST 3920
2020-04-24 17:33:54 INFO  TasksOperations:19 - Mon May 03 00:00:00 EEST 3920
2020-04-24 17:52:12 INFO  Main:33 - saved data reading
2020-04-24 17:52:12 INFO  Main:38 - application start
2020-04-24 17:52:12 INFO  Controller:67 - Main controller initializing
2020-04-24 17:52:34 INFO  TasksOperations:18 - Tue Feb 04 00:00:00 EET 2020
2020-04-24 17:52:34 INFO  TasksOperations:19 - Thu Apr 30 00:00:00 EEST 2020
2020-04-24 17:52:35 INFO  TasksOperations:18 - Tue Feb 04 00:00:00 EET 2020
2020-04-24 17:52:35 INFO  TasksOperations:19 - Thu Apr 30 00:00:00 EEST 2020
2020-04-24 17:52:41 INFO  TasksOperations:18 - Tue Feb 04 00:00:00 EET 2020
2020-04-24 17:52:41 INFO  TasksOperations:19 - Thu Apr 30 00:00:00 EEST 2020
2020-04-24 17:52:41 INFO  TasksOperations:18 - Tue Feb 04 00:00:00 EET 2020
2020-04-24 17:52:41 INFO  TasksOperations:19 - Thu Apr 30 00:00:00 EEST 2020
2020-04-24 17:52:41 INFO  TasksOperations:18 - Tue Feb 04 00:00:00 EET 2020
2020-04-24 17:52:41 INFO  TasksOperations:19 - Thu Apr 30 00:00:00 EEST 2020
2020-04-24 17:52:43 INFO  TasksOperations:18 - Tue Feb 04 00:00:00 EET 2020
2020-04-24 17:52:43 INFO  TasksOperations:19 - Thu Apr 30 00:00:00 EEST 2020
2020-04-24 17:52:43 INFO  TasksOperations:18 - Tue Feb 04 00:00:00 EET 2020
2020-04-24 17:52:43 INFO  TasksOperations:19 - Thu Apr 30 00:00:00 EEST 2020
2020-04-24 17:52:44 INFO  TasksOperations:18 - Tue Feb 04 00:00:00 EET 2020
2020-04-24 17:52:44 INFO  TasksOperations:19 - Thu Apr 30 00:00:00 EEST 2020
2020-04-24 17:52:44 INFO  TasksOperations:18 - Tue Feb 04 00:00:00 EET 2020
2020-04-24 17:52:44 INFO  TasksOperations:19 - Thu Apr 30 00:00:00 EEST 2020
2020-04-24 17:52:44 INFO  TasksOperations:18 - Tue Feb 04 00:00:00 EET 2020
2020-04-24 17:52:44 INFO  TasksOperations:19 - Thu Apr 30 00:00:00 EEST 2020
2020-04-24 17:52:55 INFO  NewEditController:91 - new/edit window initializing
2020-04-24 18:03:00 INFO  Main:33 - saved data reading
2020-04-24 18:03:00 INFO  Main:38 - application start
2020-04-24 18:03:01 INFO  Controller:67 - Main controller initializing
2020-04-24 18:03:04 INFO  NewEditController:91 - new/edit window initializing
2020-04-24 18:03:43 INFO  Main:33 - saved data reading
2020-04-24 18:03:43 INFO  Main:38 - application start
2020-04-24 18:03:43 INFO  Controller:67 - Main controller initializing
2020-04-24 18:09:17 INFO  TasksOperations:18 - Thu Apr 01 00:00:00 EEST 3920
2020-04-24 18:09:17 INFO  TasksOperations:19 - Fri Apr 30 00:00:00 EEST 3920
2020-04-24 18:09:17 INFO  TasksOperations:18 - Mon Mar 01 00:00:00 EET 3920
2020-04-24 18:09:17 INFO  TasksOperations:19 - Sat Mar 13 00:00:00 EET 3920
2020-04-24 18:09:47 INFO  Main:33 - saved data reading
2020-04-24 18:09:47 INFO  Main:38 - application start
2020-04-24 18:09:48 INFO  Controller:67 - Main controller initializing
2020-04-24 18:10:55 INFO  TasksOperations:18 - Thu Apr 01 00:00:00 EEST 3920
2020-04-24 18:10:56 INFO  TasksOperations:19 - Fri Apr 30 00:00:00 EEST 3920
2020-04-24 18:13:04 INFO  TasksOperations:18 - Thu Apr 01 00:00:00 EEST 3920
2020-04-24 18:13:04 INFO  TasksOperations:19 - Fri Apr 30 00:00:00 EEST 3920
2020-04-24 18:13:48 INFO  TasksOperations:18 - Thu Apr 01 00:00:00 EEST 3920
2020-04-24 18:13:48 INFO  TasksOperations:19 - Fri Apr 30 00:00:00 EEST 3920
2020-04-24 18:14:45 INFO  TasksOperations:18 - Sat Apr 01 00:00:00 EEST 5820
2020-04-24 18:14:45 INFO  TasksOperations:19 - Sun Apr 30 00:00:00 EEST 5820
2020-04-24 18:15:44 INFO  TasksOperations:18 - Sat Apr 11 18:15:44 EEST 2020
2020-04-24 18:15:44 INFO  TasksOperations:19 - Thu Apr 30 18:15:44 EEST 2020
2020-04-24 18:15:44 INFO  TasksOperations:32 - test1
2020-04-24 18:16:41 INFO  TasksOperations:18 - Sat Apr 11 18:16:41 EEST 2020
2020-04-24 18:16:41 INFO  TasksOperations:19 - Thu Apr 30 18:16:41 EEST 2020
2020-04-24 18:16:41 INFO  TasksOperations:32 - test1
2020-04-24 18:20:33 INFO  TasksOperations:18 - Sat Apr 11 18:20:33 EEST 2020
2020-04-24 18:20:33 INFO  TasksOperations:19 - Thu Apr 30 18:20:33 EEST 2020
2020-04-24 18:20:33 INFO  TasksOperations:32 - test1
2020-04-24 18:22:23 INFO  TasksOperations:18 - Sat Apr 11 18:22:23 EEST 2020
2020-04-24 18:22:23 INFO  TasksOperations:19 - Thu Apr 30 18:22:23 EEST 2020
2020-04-24 18:22:23 INFO  TasksOperations:32 - test1
2020-04-24 18:24:42 INFO  TasksOperations:18 - Sat Apr 11 18:24:42 EEST 2020
2020-04-24 18:24:42 INFO  TasksOperations:19 - Mon Apr 27 18:24:42 EEST 2020
2020-04-24 18:24:42 INFO  TasksOperations:32 - test1
2020-04-24 18:25:38 INFO  TasksOperations:18 - Sat Apr 11 18:25:38 EEST 2020
2020-04-24 18:25:38 INFO  TasksOperations:19 - Mon Apr 27 18:25:38 EEST 2020
2020-04-24 18:25:38 INFO  TasksOperations:32 - test1
2020-04-24 18:25:59 INFO  TasksOperations:18 - Sat Apr 11 18:25:59 EEST 2020
2020-04-24 18:25:59 INFO  TasksOperations:19 - Mon Apr 27 18:25:59 EEST 2020
2020-04-24 18:25:59 INFO  TasksOperations:32 - test1
2020-04-24 18:29:45 INFO  TasksOperations:18 - Sat Apr 11 18:29:45 EEST 2020
2020-04-24 18:29:45 INFO  TasksOperations:19 - Mon Apr 27 18:29:45 EEST 2020
2020-04-24 18:29:45 INFO  TasksOperations:32 - test1
2020-04-24 18:31:07 INFO  TasksOperations:18 - Sat Apr 11 18:31:07 EEST 2020
2020-04-24 18:31:07 INFO  TasksOperations:19 - Mon Apr 27 18:31:07 EEST 2020
2020-04-24 18:31:07 INFO  TasksOperations:32 - test1
2020-04-24 18:33:29 INFO  TasksOperations:18 - Sat Apr 11 18:33:29 EEST 2020
2020-04-24 18:33:29 INFO  TasksOperations:19 - Mon Apr 27 18:33:29 EEST 2020
2020-04-24 18:33:29 INFO  TasksOperations:32 - test1
2020-04-24 18:35:26 INFO  TasksOperations:18 - Sat Apr 11 18:35:26 EEST 2020
2020-04-24 18:35:26 INFO  TasksOperations:19 - Mon Apr 27 18:35:26 EEST 2020
2020-04-24 18:35:26 INFO  TasksOperations:32 - test1
2020-04-24 18:35:26 INFO  TasksOperations:18 - Mon Mar 01 00:00:00 EET 3920
2020-04-24 18:35:26 INFO  TasksOperations:19 - Sat Mar 13 00:00:00 EET 3920
2020-04-24 18:36:17 INFO  TasksOperations:18 - Sat Apr 11 18:36:17 EEST 2020
2020-04-24 18:36:17 INFO  TasksOperations:19 - Mon Apr 27 18:36:17 EEST 2020
2020-04-24 18:36:17 INFO  TasksOperations:32 - test1
2020-04-24 18:39:04 INFO  TasksOperations:18 - Sat Apr 11 18:39:04 EEST 2020
2020-04-24 18:39:04 INFO  TasksOperations:19 - Mon Apr 27 18:39:04 EEST 2020
2020-04-24 18:39:04 INFO  TasksOperations:32 - test1
2020-04-24 18:39:07 INFO  TasksOperations:18 - Sat Apr 11 18:39:07 EEST 2020
2020-04-24 18:39:07 INFO  TasksOperations:19 - Mon Apr 27 18:39:07 EEST 2020
2020-04-24 18:39:07 INFO  TasksOperations:32 - test1
2020-04-24 18:41:14 INFO  TasksOperations:18 - Sat Apr 11 18:41:14 EEST 2020
2020-04-24 18:41:14 INFO  TasksOperations:19 - Mon Apr 27 18:41:14 EEST 2020
2020-04-24 18:41:14 INFO  TasksOperations:32 - test1
2020-04-24 18:41:14 INFO  TasksOperations:18 - Sat Apr 11 18:41:14 EEST 2020
2020-04-24 18:41:14 INFO  TasksOperations:19 - Mon Apr 27 18:41:14 EEST 2020
2020-04-24 18:41:14 INFO  TasksOperations:32 - test1
2020-04-24 18:41:46 INFO  TasksOperations:18 - Sat Apr 11 18:41:46 EEST 2020
2020-04-24 18:41:46 INFO  TasksOperations:19 - Mon Apr 27 18:41:46 EEST 2020
2020-04-24 18:41:46 INFO  TasksOperations:32 - test1
2020-04-24 18:41:46 INFO  TasksOperations:18 - Sat Apr 11 18:41:46 EEST 2020
2020-04-24 18:41:46 INFO  TasksOperations:19 - Mon Apr 27 18:41:46 EEST 2020
2020-04-24 18:41:46 INFO  TasksOperations:32 - test1
2020-04-24 18:42:12 INFO  TasksOperations:18 - Sat Apr 11 18:42:12 EEST 2020
2020-04-24 18:42:12 INFO  TasksOperations:19 - Mon Apr 27 18:42:12 EEST 2020
2020-04-24 18:42:12 INFO  TasksOperations:32 - test1
2020-04-24 18:42:12 INFO  TasksOperations:18 - Sat Apr 11 18:42:12 EEST 2020
2020-04-24 18:42:12 INFO  TasksOperations:19 - Mon Apr 27 18:42:12 EEST 2020
2020-04-24 18:42:12 INFO  TasksOperations:32 - test1
2020-04-24 18:43:40 INFO  TasksOperations:18 - Sat Apr 11 18:43:40 EEST 2020
2020-04-24 18:43:40 INFO  TasksOperations:19 - Mon Apr 27 18:43:40 EEST 2020
2020-04-24 18:43:40 INFO  TasksOperations:32 - test1
2020-04-24 18:43:40 INFO  TasksOperations:18 - Sat Apr 11 18:43:40 EEST 2020
2020-04-24 18:43:40 INFO  TasksOperations:19 - Mon Apr 27 18:43:40 EEST 2020
2020-04-24 18:43:40 INFO  TasksOperations:32 - test1
2020-04-24 18:44:59 INFO  TasksOperations:18 - Sat Apr 11 18:44:59 EEST 2020
2020-04-24 18:44:59 INFO  TasksOperations:19 - Mon Apr 27 18:44:59 EEST 2020
2020-04-24 18:44:59 INFO  TasksOperations:32 - test1
2020-04-24 18:45:39 INFO  TasksOperations:18 - Sat Apr 11 18:45:39 EEST 2020
2020-04-24 18:45:39 INFO  TasksOperations:19 - Mon Apr 27 18:45:39 EEST 2020
2020-04-24 18:45:39 INFO  TasksOperations:32 - test1
2020-04-24 18:46:34 INFO  TasksOperations:18 - Sat Apr 11 18:46:34 EEST 2020
2020-04-24 18:46:34 INFO  TasksOperations:19 - Mon Apr 27 18:46:34 EEST 2020
2020-04-24 18:46:34 INFO  TasksOperations:32 - test1
2020-04-24 21:08:00 INFO  Main:33 - saved data reading
2020-04-24 21:08:00 INFO  Main:38 - application start
2020-04-24 21:08:01 INFO  Controller:67 - Main controller initializing
2020-04-24 21:08:27 ERROR ArrayTaskList:99 - not existing index
2020-04-24 21:10:57 ERROR ArrayTaskList:99 - not existing index
2020-04-24 21:11:06 INFO  TasksOperations:18 - Thu Apr 01 00:00:00 EEST 3920
2020-04-24 21:11:06 INFO  TasksOperations:19 - Tue Apr 13 00:00:00 EEST 3920
2020-04-24 21:11:06 INFO  TasksOperations:32 - task1
2020-04-24 21:11:06 INFO  TasksOperations:18 - Thu Apr 01 00:00:00 EEST 3920
2020-04-24 21:11:06 INFO  TasksOperations:19 - Tue Apr 13 00:00:00 EEST 3920
2020-04-24 21:11:06 INFO  TasksOperations:18 - Sat May 01 00:00:00 EEST 3920
2020-04-24 21:11:06 INFO  TasksOperations:19 - Mon May 03 00:00:00 EEST 3920
2020-04-24 21:11:14 INFO  TasksOperations:18 - Sat Apr 11 21:11:14 EEST 2020
2020-04-24 21:11:14 INFO  TasksOperations:19 - Mon Apr 27 21:11:14 EEST 2020
2020-04-24 21:11:14 INFO  TasksOperations:18 - Mon Mar 01 00:00:00 EET 3920
2020-04-24 21:11:14 INFO  TasksOperations:19 - Sat Mar 13 00:00:00 EET 3920
2020-04-24 21:12:43 INFO  Main:33 - saved data reading
2020-04-24 21:12:43 INFO  Main:38 - application start
2020-04-24 21:12:44 INFO  Controller:67 - Main controller initializing
2020-04-24 21:13:03 INFO  TasksOperations:18 - Wed Apr 01 00:00:00 EEST 2020
2020-04-24 21:13:03 INFO  TasksOperations:19 - Thu Apr 30 00:00:00 EEST 2020
2020-04-24 21:13:10 INFO  NewEditController:91 - new/edit window initializing
2020-04-24 21:13:25 INFO  TasksOperations:18 - Wed Apr 01 00:00:00 EEST 2020
2020-04-24 21:13:25 INFO  TasksOperations:19 - Thu Apr 30 00:00:00 EEST 2020
2020-04-24 21:13:33 INFO  TasksOperations:18 - Sat Apr 11 21:13:33 EEST 2020
2020-04-24 21:13:33 INFO  TasksOperations:19 - Mon Apr 27 21:13:33 EEST 2020
2020-04-24 21:13:33 INFO  TasksOperations:32 - test1
2020-04-24 21:13:33 INFO  TasksOperations:18 - Mon Mar 01 00:00:00 EET 3920
2020-04-24 21:13:33 INFO  TasksOperations:19 - Sat Mar 13 00:00:00 EET 3920
2020-04-24 21:14:43 INFO  Main:33 - saved data reading
2020-04-24 21:14:43 INFO  Main:38 - application start
2020-04-24 21:14:44 INFO  Controller:67 - Main controller initializing
2020-04-24 21:17:23 INFO  TasksOperations:18 - Thu Apr 01 00:00:00 EEST 3920
2020-04-24 21:17:23 INFO  TasksOperations:19 - Tue Apr 13 00:00:00 EEST 3920
2020-04-24 21:17:23 INFO  TasksOperations:32 - task1
2020-04-24 21:17:23 INFO  TasksOperations:18 - Thu Apr 01 00:00:00 EEST 3920
2020-04-24 21:17:23 INFO  TasksOperations:19 - Tue Apr 13 00:00:00 EEST 3920
2020-04-24 21:17:23 INFO  TasksOperations:18 - Sat May 01 00:00:00 EEST 3920
2020-04-24 21:17:23 INFO  TasksOperations:19 - Mon May 03 00:00:00 EEST 3920
